Using pre-set license
Built from '2022.3/staging' branch; Version is '2022.3.22f1 (887be4894c44) revision 8944612'; Using compiler version '192829333'; Build Type 'Release'
OS: 'Windows 11  (10.0.22631) 64bit Professional' Language: 'en' Physical Memory: 32523 MB
BatchMode: 1, IsHumanControllingUs: 0, StartBugReporterOnCrash: 0, Is64bit: 1, IsPro: 1

COMMAND LINE ARGUMENTS:
H:\Unity\2022.3.22f1\Editor\Unity.exe
-adb2
-batchMode
-noUpm
-name
AssetImportWorker4
-projectPath
H:/VRC/Miles V1
-logFile
Logs/AssetImportWorker4.log
-srvPort
56362
Successfully changed project path to: H:/VRC/Miles V1
H:/VRC/Miles V1
[UnityMemory] Configuration Parameters - Can be set up in boot.config
    "memorysetup-bucket-allocator-granularity=16"
    "memorysetup-bucket-allocator-bucket-count=8"
    "memorysetup-bucket-allocator-block-size=33554432"
    "memorysetup-bucket-allocator-block-count=8"
    "memorysetup-main-allocator-block-size=16777216"
    "memorysetup-thread-allocator-block-size=16777216"
    "memorysetup-gfx-main-allocator-block-size=16777216"
    "memorysetup-gfx-thread-allocator-block-size=16777216"
    "memorysetup-cache-allocator-block-size=4194304"
    "memorysetup-typetree-allocator-block-size=2097152"
    "memorysetup-profiler-bucket-allocator-granularity=16"
    "memorysetup-profiler-bucket-allocator-bucket-count=8"
    "memorysetup-profiler-bucket-allocator-block-size=33554432"
    "memorysetup-profiler-bucket-allocator-block-count=8"
    "memorysetup-profiler-allocator-block-size=16777216"
    "memorysetup-profiler-editor-allocator-block-size=1048576"
    "memorysetup-temp-allocator-size-main=16777216"
    "memorysetup-job-temp-allocator-block-size=2097152"
    "memorysetup-job-temp-allocator-block-size-background=1048576"
    "memorysetup-job-temp-allocator-reduction-small-platforms=262144"
    "memorysetup-allocator-temp-initial-block-size-main=262144"
    "memorysetup-allocator-temp-initial-block-size-worker=262144"
    "memorysetup-temp-allocator-size-background-worker=32768"
    "memorysetup-temp-allocator-size-job-worker=262144"
    "memorysetup-temp-allocator-size-preload-manager=33554432"
    "memorysetup-temp-allocator-size-nav-mesh-worker=65536"
    "memorysetup-temp-allocator-size-audio-worker=65536"
    "memorysetup-temp-allocator-size-cloud-worker=32768"
    "memorysetup-temp-allocator-size-gi-baking-worker=262144"
    "memorysetup-temp-allocator-size-gfx=262144"
Player connection [26416] Host "[IP] 192.168.138.203 [Port] 0 [Flags] 2 [Guid] 3130229947 [EditorId] 3130229947 [Version] 1048832 [Id] WindowsEditor(7,CRYO-CORE) [Debug] 1 [PackageName] WindowsEditor [ProjectName] Editor" joined multi-casting on [225.0.0.222:54997]...

Player connection [26416] Host "[IP] 192.168.138.203 [Port] 0 [Flags] 2 [Guid] 3130229947 [EditorId] 3130229947 [Version] 1048832 [Id] WindowsEditor(7,CRYO-CORE) [Debug] 1 [PackageName] WindowsEditor [ProjectName] Editor" joined alternative multi-casting on [225.0.0.222:34997]...

[Physics::Module] Initialized MultithreadedJobDispatcher with 23 workers.
Refreshing native plugins compatible for Editor in 11.43 ms, found 4 plugins.
Preloading 2 native plugins for Editor in 0.84 ms.
Initialize engine version: 2022.3.22f1 (887be4894c44)
[Subsystems] Discovering subsystems at path H:/Unity/2022.3.22f1/Editor/Data/Resources/UnitySubsystems
[Subsystems] Discovering subsystems at path H:/VRC/Miles V1/Assets
GfxDevice: creating device client; threaded=0; jobified=0
Direct3D:
    Version:  Direct3D 11.0 [level 11.1]
    Renderer: NVIDIA GeForce RTX 3070 (ID=0x2488)
    Vendor:   NVIDIA
    VRAM:     8018 MB
    Driver:   32.0.15.6094
Initialize mono
Mono path[0] = 'H:/Unity/2022.3.22f1/Editor/Data/Managed'
Mono path[1] = 'H:/Unity/2022.3.22f1/Editor/Data/MonoBleedingEdge/lib/mono/unityjit-win32'
Mono config path = 'H:/Unity/2022.3.22f1/Editor/Data/MonoBleedingEdge/etc'
Using monoOptions --debugger-agent=transport=dt_socket,embedding=1,server=y,suspend=n,address=127.0.0.1:56392
Begin MonoManager ReloadAssembly
Registering precompiled unity dll's ...
Register platform support module: H:/Unity/2022.3.22f1/Editor/Data/PlaybackEngines/WindowsStandaloneSupport/UnityEditor.WindowsStandalone.Extensions.dll
Registered in 0.001701 seconds.
- Loaded All Assemblies, in  0.270 seconds
Native extension for WindowsStandalone target not found
Mono: successfully reloaded assembly
- Finished resetting the current domain, in  0.218 seconds
Domain Reload Profiling: 488ms
	BeginReloadAssembly (92ms)
		ExecutionOrderSort (0ms)
		DisableScriptedObjects (0ms)
		BackupInstance (0ms)
		ReleaseScriptingObjects (0ms)
		CreateAndSetChildDomain (1ms)
	RebuildCommonClasses (23ms)
	RebuildNativeTypeToScriptingClass (9ms)
	initialDomainReloadingComplete (38ms)
	LoadAllAssembliesAndSetupDomain (108ms)
		LoadAssemblies (91ms)
		RebuildTransferFunctionScriptingTraits (0ms)
		AnalyzeDomain (106ms)
			TypeCache.Refresh (105ms)
				TypeCache.ScanAssembly (94ms)
			ScanForSourceGeneratedMonoScriptInfo (0ms)
			ResolveRequiredComponents (1ms)
	FinalizeReload (219ms)
		ReleaseScriptCaches (0ms)
		RebuildScriptCaches (0ms)
		SetupLoadedEditorAssemblies (173ms)
			LogAssemblyErrors (0ms)
			InitializePlatformSupportModulesInManaged (6ms)
			SetLoadedEditorAssemblies (5ms)
			RefreshPlugins (0ms)
			BeforeProcessingInitializeOnLoad (2ms)
			ProcessInitializeOnLoadAttributes (113ms)
			ProcessInitializeOnLoadMethodAttributes (47ms)
			AfterProcessingInitializeOnLoad (0ms)
			EditorAssembliesLoaded (0ms)
		ExecutionOrderSort2 (0ms)
		AwakeInstancesAfterBackupRestoration (0ms)
========================================================================
Worker process is ready to serve import requests
Begin MonoManager ReloadAssembly
- Loaded All Assemblies, in  0.587 seconds
Refreshing native plugins compatible for Editor in 5.72 ms, found 4 plugins.
Native extension for WindowsStandalone target not found
Package Manager log level set to [2]
[Package Manager] Server::EnsureServerProcessIsRunning -- launch failed, reason: Unity was launched with the -noUpm command-line argument
[Package Manager] UpmClient::Send -- Unable to send message (not connected to UPM process).
[Package Manager] Cannot connect to Unity Package Manager local server
System.Reflection.TargetInvocationException: Exception has been thrown by the target of an invocation. ---> System.NullReferenceException: Object reference not set to an instance of an object
  at Unity.XR.Oculus.OculusLoader.AssetPathToAbsolutePath (System.String assetPath) [0x00040] in .\Library\PackageCache\com.unity.xr.oculus@4.2.0\Runtime\OculusLoader.cs:298 
  at Unity.XR.Oculus.OculusLoader.EditorLoadOVRPlugin () [0x0008c] in .\Library\PackageCache\com.unity.xr.oculus@4.2.0\Runtime\OculusLoader.cs:283 
  at (wrapper managed-to-native) System.Reflection.RuntimeMethodInfo.InternalInvoke(System.Reflection.RuntimeMethodInfo,object,object[],System.Exception&)
  at System.Reflection.RuntimeMethodInfo.Invoke (System.Object obj, System.Reflection.BindingFlags invokeAttr, System.Reflection.Binder binder, System.Object[] parameters, System.Globalization.CultureInfo culture) [0x0006a] in <27124aa0e30a41659b903b822b959bc7>:0 
   --- End of inner exception stack trace ---
  at System.Reflection.RuntimeMethodInfo.Invoke (System.Object obj, System.Reflection.BindingFlags invokeAttr, System.Reflection.Binder binder, System.Object[] parameters, System.Globalization.CultureInfo culture) [0x00083] in <27124aa0e30a41659b903b822b959bc7>:0 
  at System.Reflection.MethodBase.Invoke (System.Object obj, System.Object[] parameters) [0x00000] in <27124aa0e30a41659b903b822b959bc7>:0 
  at UnityEditor.EditorAssemblies.ProcessInitializeOnLoadMethodAttributes () [0x000a5] in <80a8ce1980c648dca8e68f0d8aa3b930>:0 
UnityEngine.StackTraceUtility:ExtractStackTrace ()
UnityEngine.DebugLogHandler:LogFormat (UnityEngine.LogType,UnityEngine.Object,string,object[])
UnityEngine.Logger:Log (UnityEngine.LogType,object)
UnityEngine.Debug:LogError (object)
UnityEditor.EditorAssemblies:ProcessInitializeOnLoadMethodAttributes ()

Preset cache invalid, rebuilding...
UnityEngine.StackTraceUtility:ExtractStackTrace ()
UnityEngine.DebugLogHandler:LogFormat (UnityEngine.LogType,UnityEngine.Object,string,object[])
UnityEngine.Logger:Log (UnityEngine.LogType,object)
UnityEngine.Debug:Log (object)
Thry.ThryEditor.Presets:CheckPresetCache () (at ./Packages/com.poiyomi.toon/_PoiyomiShaders/Scripts/ThryEditor/Editor/Presets.cs:678)
System.Reflection.RuntimeMethodInfo:Invoke (object,System.Reflection.BindingFlags,System.Reflection.Binder,object[],System.Globalization.CultureInfo)
System.Reflection.MethodBase:Invoke (object,object[])
UnityEditor.EditorAssemblies:ProcessInitializeOnLoadMethodAttributes ()

(Filename: ./Packages/com.poiyomi.toon/_PoiyomiShaders/Scripts/ThryEditor/Editor/Presets.cs Line: 678)

DisplayProgressbar: Creating Preset Cache
System.Reflection.TargetInvocationException: Exception has been thrown by the target of an invocation. ---> System.IO.IOException: Sharing violation on path H:\VRC\Miles V1\Thry\presets_known_materials.txt
  at System.IO.FileStream..ctor (System.String path, System.IO.FileMode mode, System.IO.FileAccess access, System.IO.FileShare share, System.Int32 bufferSize, System.Boolean anonymous, System.IO.FileOptions options) [0x0019e] in <27124aa0e30a41659b903b822b959bc7>:0 
  at System.IO.FileStream..ctor (System.String path, System.IO.FileMode mode, System.IO.FileAccess access, System.IO.FileShare share, System.Int32 bufferSize, System.IO.FileOptions options) [0x00000] in <27124aa0e30a41659b903b822b959bc7>:0 
  at (wrapper remoting-invoke-with-check) System.IO.FileStream..ctor(string,System.IO.FileMode,System.IO.FileAccess,System.IO.FileShare,int,System.IO.FileOptions)
  at System.IO.StreamWriter..ctor (System.String path, System.Boolean append, System.Text.Encoding encoding, System.Int32 bufferSize) [0x00055] in <27124aa0e30a41659b903b822b959bc7>:0 
  at System.IO.StreamWriter..ctor (System.String path) [0x00008] in <27124aa0e30a41659b903b822b959bc7>:0 
  at (wrapper remoting-invoke-with-check) System.IO.StreamWriter..ctor(string)
  at System.IO.File.WriteAllLines (System.String path, System.Collections.Generic.IEnumerable`1[T] contents) [0x00034] in <27124aa0e30a41659b903b822b959bc7>:0 
  at System.IO.File.WriteAllLines (System.String path, System.String[] contents) [0x00000] in <27124aa0e30a41659b903b822b959bc7>:0 
  at Thry.ThryEditor.Presets+MaterialsList.Save () [0x00013] in .\Packages\com.poiyomi.toon\_PoiyomiShaders\Scripts\ThryEditor\Editor\Presets.cs:80 
  at Thry.ThryEditor.Presets.CreatePresetCache () [0x0006b] in .\Packages\com.poiyomi.toon\_PoiyomiShaders\Scripts\ThryEditor\Editor\Presets.cs:174 
  at Thry.ThryEditor.Presets.CheckPresetCache () [0x000c0] in .\Packages\com.poiyomi.toon\_PoiyomiShaders\Scripts\ThryEditor\Editor\Presets.cs:679 
  at (wrapper managed-to-native) System.Reflection.RuntimeMethodInfo.InternalInvoke(System.Reflection.RuntimeMethodInfo,object,object[],System.Exception&)
  at System.Reflection.RuntimeMethodInfo.Invoke (System.Object obj, System.Reflection.BindingFlags invokeAttr, System.Reflection.Binder binder, System.Object[] parameters, System.Globalization.CultureInfo culture) [0x0006a] in <27124aa0e30a41659b903b822b959bc7>:0 
   --- End of inner exception stack trace ---
  at System.Reflection.RuntimeMethodInfo.Invoke (System.Object obj, System.Reflection.BindingFlags invokeAttr, System.Reflection.Binder binder, System.Object[] parameters, System.Globalization.CultureInfo culture) [0x00083] in <27124aa0e30a41659b903b822b959bc7>:0 
  at System.Reflection.MethodBase.Invoke (System.Object obj, System.Object[] parameters) [0x00000] in <27124aa0e30a41659b903b822b959bc7>:0 
  at UnityEditor.EditorAssemblies.ProcessInitializeOnLoadMethodAttributes () [0x000a5] in <80a8ce1980c648dca8e68f0d8aa3b930>:0 
UnityEngine.StackTraceUtility:ExtractStackTrace ()
UnityEngine.DebugLogHandler:LogFormat (UnityEngine.LogType,UnityEngine.Object,string,object[])
UnityEngine.Logger:Log (UnityEngine.LogType,object)
(wrapper dynamic-method) UnityEngine.Debug:UnityEngine.Debug.LogError_Patch1 (object)
UnityEditor.EditorAssemblies:ProcessInitializeOnLoadMethodAttributes ()

Mono: successfully reloaded assembly
[Package Manager] Server::EnsureServerProcessIsRunning -- launch failed, reason: Unity was launched with the -noUpm command-line argument
[Package Manager] UpmClient::Send -- Unable to send message (not connected to UPM process).
[Package Manager] Cannot connect to Unity Package Manager local server
[Package Manager] Server::EnsureServerProcessIsRunning -- launch failed, reason: Unity was launched with the -noUpm command-line argument
[Package Manager] UpmClient::Send -- Unable to send message (not connected to UPM process).
[Package Manager] Cannot connect to Unity Package Manager local server
- Finished resetting the current domain, in  2.067 seconds
Domain Reload Profiling: 2654ms
	BeginReloadAssembly (142ms)
		ExecutionOrderSort (0ms)
		DisableScriptedObjects (3ms)
		BackupInstance (0ms)
		ReleaseScriptingObjects (0ms)
		CreateAndSetChildDomain (24ms)
	RebuildCommonClasses (25ms)
	RebuildNativeTypeToScriptingClass (6ms)
	initialDomainReloadingComplete (26ms)
	LoadAllAssembliesAndSetupDomain (387ms)
		LoadAssemblies (326ms)
		RebuildTransferFunctionScriptingTraits (0ms)
		AnalyzeDomain (146ms)
			TypeCache.Refresh (127ms)
				TypeCache.ScanAssembly (106ms)
			ScanForSourceGeneratedMonoScriptInfo (14ms)
			ResolveRequiredComponents (4ms)
	FinalizeReload (2067ms)
		ReleaseScriptCaches (0ms)
		RebuildScriptCaches (0ms)
		SetupLoadedEditorAssemblies (1929ms)
			LogAssemblyErrors (0ms)
			InitializePlatformSupportModulesInManaged (4ms)
			SetLoadedEditorAssemblies (5ms)
			RefreshPlugins (0ms)
			BeforeProcessingInitializeOnLoad (68ms)
			ProcessInitializeOnLoadAttributes (555ms)
			ProcessInitializeOnLoadMethodAttributes (1295ms)
			AfterProcessingInitializeOnLoad (2ms)
			EditorAssembliesLoaded (0ms)
		ExecutionOrderSort2 (0ms)
		AwakeInstancesAfterBackupRestoration (7ms)
Launched and connected shader compiler UnityShaderCompiler.exe after 0.10 seconds
Refreshing native plugins compatible for Editor in 11.52 ms, found 4 plugins.
Preloading 2 native plugins for Editor in 0.12 ms.
Unloading 2888 Unused Serialized files (Serialized files now loaded: 0)
Unloading 1664 unused Assets / (2.6 MB). Loaded Objects now: 3380.
Memory consumption went from 311.4 MB to 308.9 MB.
Total: 15.895100 ms (FindLiveObjects: 0.728800 ms CreateObjectMapping: 0.721500 ms MarkObjects: 9.413500 ms  DeleteObjects: 5.027700 ms)

AssetImportParameters requested are different than current active one (requested -> active):
  custom:video-decoder-webm-vp8: 9c59270c3fd7afecdb556c50c9e8de78 -> 
  custom:SearchIndexIgnoredProperties: e643bd26f0fe6173181afceb89e7c659 -> 
  custom:container-demuxer-ogg: 62fdf1f143b41e24485cea50d1cbac27 -> 
  custom:AudioImporter_EditorPlatform: d09bf68614088b80899f8185d706f6e7 -> 
  custom:video-codec-MediaFoundation-h265: 746d11721c4dcdbdad8f713fa42b33f4 -> 
  custom:video-decoder-ogg-theora: a1e56fd34408186e4bbccfd4996cb3dc -> 
  custom:framework-win-MediaFoundation: 216162199b28c13a410421893ffa2e32 -> 
  custom:video-encoder-webm-vp8: eb34c28f22e8b96e1ab97ce403110664 -> 
  custom:audio-decoder-ogg-vorbis: bf7c407c2cedff20999df2af8eb42d56 -> 
  custom:CustomObjectIndexerAttribute: 9a22284fe3817be447336de3de66b15e -> 
  custom:container-demuxer-webm: 4f35f7cbe854078d1ac9338744f61a02 -> 
  custom:audio-encoder-webm-vorbis: bf7c407c2cedff20999df2af8eb42d56 -> 
  custom:container-muxer-webm: aa71ff27fc2769a1b78a27578f13a17b -> 
========================================================================
Received Import Request.
  Time since last request: 12126.214672 seconds.
  path: Assets/Red Panda/Animation/Controllers/RP_FX.controller
  artifactKey: Guid(182d90e7ab9455944b799f79bb2916e1) Importer(815301076,1909f56bfc062723c751e8b465ee728b)
Start importing Assets/Red Panda/Animation/Controllers/RP_FX.controller using Guid(182d90e7ab9455944b799f79bb2916e1) Importer(815301076,1909f56bfc062723c751e8b465ee728b)  -> (artifact id: '0dcdc48142ad4828a6cd86267dd3fbd9') in 0.037116 seconds
Number of updated asset objects reloaded before import = 0
Number of asset objects unloaded after import = 115
========================================================================
Received Import Request.
  Time since last request: 590.152470 seconds.
  path: Assets/Red Panda/Animation/Controllers/Body.asset
  artifactKey: Guid(d25fd9153daea1d488dd696690881088) Importer(815301076,1909f56bfc062723c751e8b465ee728b)
Start importing Assets/Red Panda/Animation/Controllers/Body.asset using Guid(d25fd9153daea1d488dd696690881088) Importer(815301076,1909f56bfc062723c751e8b465ee728b)  -> (artifact id: 'cefdc1187761f8bc4d25513360678a78') in 0.004459 seconds
Number of updated asset objects reloaded before import = 0
Number of asset objects unloaded after import = 2
========================================================================
Received Import Request.
  Time since last request: 0.002635 seconds.
  path: Assets/Red Panda/Animation/Controllers/Extras.asset
  artifactKey: Guid(15c0697cf27d9454c8c3e94091b9b7bf) Importer(815301076,1909f56bfc062723c751e8b465ee728b)
Start importing Assets/Red Panda/Animation/Controllers/Extras.asset using Guid(15c0697cf27d9454c8c3e94091b9b7bf) Importer(815301076,1909f56bfc062723c751e8b465ee728b)  -> (artifact id: '521341f3482ee78ced604dd884d173b3') in 0.002272 seconds
Number of updated asset objects reloaded before import = 0
Number of asset objects unloaded after import = 3
========================================================================
Received Import Request.
  Time since last request: 0.000023 seconds.
  path: Assets/Red Panda/Animation/Controllers/PROPS.asset
  artifactKey: Guid(1a68385456810d041aa5b20c0048f1ee) Importer(815301076,1909f56bfc062723c751e8b465ee728b)
Start importing Assets/Red Panda/Animation/Controllers/PROPS.asset using Guid(1a68385456810d041aa5b20c0048f1ee) Importer(815301076,1909f56bfc062723c751e8b465ee728b)  -> (artifact id: 'ea1fdbad5a9fc4558809e4418e3e22cb') in 0.009683 seconds
Number of updated asset objects reloaded before import = 0
Number of asset objects unloaded after import = 14
========================================================================
Received Import Request.
  Time since last request: 0.000014 seconds.
  path: Assets/Red Panda/Animation/Controllers/Tops.asset
  artifactKey: Guid(d17297463c9fcf44e9d37777a8b6fd25) Importer(815301076,1909f56bfc062723c751e8b465ee728b)
Start importing Assets/Red Panda/Animation/Controllers/Tops.asset using Guid(d17297463c9fcf44e9d37777a8b6fd25) Importer(815301076,1909f56bfc062723c751e8b465ee728b)  -> (artifact id: 'f5ef53084b6a0e73107fde33ed919d99') in 0.001661 seconds
Number of updated asset objects reloaded before import = 0
Number of asset objects unloaded after import = 3
========================================================================
Received Import Request.
  Time since last request: 0.000015 seconds.
  path: Assets/Red Panda/Animation/Controllers/Clothes.asset
  artifactKey: Guid(0427d036566166240b5f7bda35470196) Importer(815301076,1909f56bfc062723c751e8b465ee728b)
Start importing Assets/Red Panda/Animation/Controllers/Clothes.asset using Guid(0427d036566166240b5f7bda35470196) Importer(815301076,1909f56bfc062723c751e8b465ee728b)  -> (artifact id: 'de628a02b31841447ca86a403c76655f') in 0.005741 seconds
Number of updated asset objects reloaded before import = 0
Number of asset objects unloaded after import = 13
========================================================================
Received Import Request.
  Time since last request: 98.682738 seconds.
  path: Assets/Red Panda/Red_Panda_HoundEdit.MoginEdit 1.fbx
  artifactKey: Guid(463e0ae840d49884f9c52ae1c96e0911) Importer(815301076,1909f56bfc062723c751e8b465ee728b)
Start importing Assets/Red Panda/Red_Panda_HoundEdit.MoginEdit 1.fbx using Guid(463e0ae840d49884f9c52ae1c96e0911) Importer(815301076,1909f56bfc062723c751e8b465ee728b)  -> (artifact id: '05efcd0fe11b688fc78b9d76be67a859') in 0.223830 seconds
Number of updated asset objects reloaded before import = 0
Number of asset objects unloaded after import = 403
========================================================================
Received Import Request.
  Time since last request: 985.593286 seconds.
  path: Assets/Scenes/Erect2.anim
  artifactKey: Guid(42525237521cb4b46824c13351cc8aa9) Importer(815301076,1909f56bfc062723c751e8b465ee728b)
Start importing Assets/Scenes/Erect2.anim using Guid(42525237521cb4b46824c13351cc8aa9) Importer(815301076,1909f56bfc062723c751e8b465ee728b)  -> (artifact id: '8c04cba7ccc5f80fd4dc1eb194e650bf') in 0.001657 seconds
Number of updated asset objects reloaded before import = 0
Number of asset objects unloaded after import = 1
========================================================================
Received Import Request.
  Time since last request: 10.153455 seconds.
  path: Assets/Red Panda/Animation/Controllers/RP_FX.controller
  artifactKey: Guid(182d90e7ab9455944b799f79bb2916e1) Importer(815301076,1909f56bfc062723c751e8b465ee728b)
Start importing Assets/Red Panda/Animation/Controllers/RP_FX.controller using Guid(182d90e7ab9455944b799f79bb2916e1) Importer(815301076,1909f56bfc062723c751e8b465ee728b)  -> (artifact id: '9c034afb5f157c73ab893c36a1a3d2a2') in 0.008785 seconds
Number of updated asset objects reloaded before import = 0
Number of asset objects unloaded after import = 124
========================================================================
Received Import Request.
  Time since last request: 498.182688 seconds.
  path: Assets/Scenes/Erect2.anim
  artifactKey: Guid(42525237521cb4b46824c13351cc8aa9) Importer(815301076,1909f56bfc062723c751e8b465ee728b)
Start importing Assets/Scenes/Erect2.anim using Guid(42525237521cb4b46824c13351cc8aa9) Importer(815301076,1909f56bfc062723c751e8b465ee728b)  -> (artifact id: 'fe277f0153bb18d6f3634298050cd357') in 0.001817 seconds
Number of updated asset objects reloaded before import = 0
Number of asset objects unloaded after import = 1
========================================================================
Received Import Request.
  Time since last request: 32.182426 seconds.
  path: Assets/Red Panda/Animation/Controllers/RP_FX.controller
  artifactKey: Guid(182d90e7ab9455944b799f79bb2916e1) Importer(815301076,1909f56bfc062723c751e8b465ee728b)
Start importing Assets/Red Panda/Animation/Controllers/RP_FX.controller using Guid(182d90e7ab9455944b799f79bb2916e1) Importer(815301076,1909f56bfc062723c751e8b465ee728b)  -> (artifact id: 'a9b290d4888f43e9e323a58ce7b26bc0') in 0.008339 seconds
Number of updated asset objects reloaded before import = 0
Number of asset objects unloaded after import = 124
========================================================================
Received Import Request.
  Time since last request: 346.578459 seconds.
  path: Assets/Scenes/Erect.anim
  artifactKey: Guid(6651160d2020a51418df9efbe42057c9) Importer(815301076,1909f56bfc062723c751e8b465ee728b)
Start importing Assets/Scenes/Erect.anim using Guid(6651160d2020a51418df9efbe42057c9) Importer(815301076,1909f56bfc062723c751e8b465ee728b)  -> (artifact id: 'e90e7548847a506d00a8e557955813ad') in 0.009729 seconds
Number of updated asset objects reloaded before import = 0
Number of asset objects unloaded after import = 1
========================================================================
Received Import Request.
  Time since last request: 10.884688 seconds.
  path: Assets/Scenes/Erect2.anim
  artifactKey: Guid(42525237521cb4b46824c13351cc8aa9) Importer(815301076,1909f56bfc062723c751e8b465ee728b)
Start importing Assets/Scenes/Erect2.anim using Guid(42525237521cb4b46824c13351cc8aa9) Importer(815301076,1909f56bfc062723c751e8b465ee728b)  -> (artifact id: 'ed7c362df1a0d3d05e3305e4411027d5') in 0.001090 seconds
Number of updated asset objects reloaded before import = 0
Number of asset objects unloaded after import = 1
========================================================================
Received Import Request.
  Time since last request: 694.713553 seconds.
  path: Assets/Dick.mat
  artifactKey: Guid(7ab82515eee86ed49b316ad47f054924) Importer(815301076,1909f56bfc062723c751e8b465ee728b)
Start importing Assets/Dick.mat using Guid(7ab82515eee86ed49b316ad47f054924) Importer(815301076,1909f56bfc062723c751e8b465ee728b)  -> (artifact id: 'd0c7d97378ddab1114bf9fe645712e3e') in 0.353364 seconds
Number of updated asset objects reloaded before import = 0
Number of asset objects unloaded after import = 6
========================================================================
Received Import Request.
  Time since last request: 0.000015 seconds.
  path: Assets/New Material.mat
  artifactKey: Guid(c7cc633d469412b48af9aaa8db36839e) Importer(815301076,1909f56bfc062723c751e8b465ee728b)
Start importing Assets/New Material.mat using Guid(c7cc633d469412b48af9aaa8db36839e) Importer(815301076,1909f56bfc062723c751e8b465ee728b)  -> (artifact id: 'c4513b8a416456c44388f9c7fc1f73c8') in 0.313627 seconds
Number of updated asset objects reloaded before import = 0
Number of asset objects unloaded after import = 4
========================================================================
Received Import Request.
  Time since last request: 4.930495 seconds.
  path: Assets/Scenes/Erect2.anim
  artifactKey: Guid(42525237521cb4b46824c13351cc8aa9) Importer(815301076,1909f56bfc062723c751e8b465ee728b)
Start importing Assets/Scenes/Erect2.anim using Guid(42525237521cb4b46824c13351cc8aa9) Importer(815301076,1909f56bfc062723c751e8b465ee728b)  -> (artifact id: '8decdfc890f2d47c5e37c7f5de4e9f5a') in 0.001395 seconds
Number of updated asset objects reloaded before import = 0
Number of asset objects unloaded after import = 1
